  [1m[36m (3.2ms)[0m  [1mCREATE TABLE "schema_migrations" ("version" varchar NOT NULL) [0m
  [1m[35m (0.1ms)[0m  select sqlite_version(*)
  [1m[36m (2.8ms)[0m  [1mCREATE UNIQUE INDEX "unique_schema_migrations" ON "schema_migrations" ("version")[0m
  [1m[35mActiveRecord::SchemaMigration Load (0.1ms)[0m  SELECT "schema_migrations".* FROM "schema_migrations"
Migrating to CreatePosicionamentos (20160514212024)
  [1m[36m (0.1ms)[0m  [1mbegin transaction[0m
  [1m[35m (0.5ms)[0m  CREATE TABLE "posicionamentos" ("id" INTEGER PRIMARY KEY AUTOINCREMENT NOT NULL, "posicao" varchar, "data" varchar, "horario" varchar, "usuario_id" integer, "created_at" datetime NOT NULL, "updated_at" datetime NOT NULL) 
  [1m[36m (0.2ms)[0m  [1mCREATE  INDEX "index_posicionamentos_on_usuario_id" ON "posicionamentos" ("usuario_id")[0m
  [1m[35mSQL (0.2ms)[0m  INSERT INTO "schema_migrations" ("version") VALUES (?)  [["version", "20160514212024"]]
  [1m[36m (12.9ms)[0m  [1mcommit transaction[0m
Migrating to CreateFavoritos (20160514212259)
  [1m[35m (0.1ms)[0m  begin transaction
  [1m[36m (0.3ms)[0m  [1mCREATE TABLE "favoritos" ("id" INTEGER PRIMARY KEY AUTOINCREMENT NOT NULL, "nomeLocal" varchar, "posicionamento_id" integer, "usuario_id" integer, "created_at" datetime NOT NULL, "updated_at" datetime NOT NULL) [0m
  [1m[35m (0.2ms)[0m  CREATE  INDEX "index_favoritos_on_posicionamento_id" ON "favoritos" ("posicionamento_id")
  [1m[36m (0.2ms)[0m  [1m            SELECT sql
            FROM sqlite_master
            WHERE name='index_favoritos_on_posicionamento_id' AND type='index'
            UNION ALL
            SELECT sql
            FROM sqlite_temp_master
            WHERE name='index_favoritos_on_posicionamento_id' AND type='index'
[0m
  [1m[35m (0.2ms)[0m  CREATE  INDEX "index_favoritos_on_usuario_id" ON "favoritos" ("usuario_id")
  [1m[36mSQL (0.1ms)[0m  [1mINSERT INTO "schema_migrations" ("version") VALUES (?)[0m  [["version", "20160514212259"]]
  [1m[35m (3.0ms)[0m  commit transaction
Migrating to CreateUsuarios (20160514212342)
  [1m[36m (0.1ms)[0m  [1mbegin transaction[0m
  [1m[35m (0.3ms)[0m  CREATE TABLE "usuarios" ("id" INTEGER PRIMARY KEY AUTOINCREMENT NOT NULL, "login" varchar, "senha" varchar, "nome" varchar, "email" varchar, "numero" varchar, "status" boolean, "created_at" datetime NOT NULL, "updated_at" datetime NOT NULL) 
  [1m[36mSQL (0.1ms)[0m  [1mINSERT INTO "schema_migrations" ("version") VALUES (?)[0m  [["version", "20160514212342"]]
  [1m[35m (4.7ms)[0m  commit transaction
  [1m[36mActiveRecord::SchemaMigration Load (0.2ms)[0m  [1mSELECT "schema_migrations".* FROM "schema_migrations"[0m
  [1m[35m (0.2ms)[0m              SELECT sql
            FROM sqlite_master
            WHERE name='index_favoritos_on_usuario_id' AND type='index'
            UNION ALL
            SELECT sql
            FROM sqlite_temp_master
            WHERE name='index_favoritos_on_usuario_id' AND type='index'

  [1m[36m (0.1ms)[0m  [1m            SELECT sql
            FROM sqlite_master
            WHERE name='index_favoritos_on_posicionamento_id' AND type='index'
            UNION ALL
            SELECT sql
            FROM sqlite_temp_master
            WHERE name='index_favoritos_on_posicionamento_id' AND type='index'
[0m
  [1m[35m (0.1ms)[0m              SELECT sql
            FROM sqlite_master
            WHERE name='index_posicionamentos_on_usuario_id' AND type='index'
            UNION ALL
            SELECT sql
            FROM sqlite_temp_master
            WHERE name='index_posicionamentos_on_usuario_id' AND type='index'



Started GET "/" for 127.0.0.1 at 2016-05-14 18:26:55 -0300
  [1m[36mActiveRecord::SchemaMigration Load (0.1ms)[0m  [1mSELECT "schema_migrations".* FROM "schema_migrations"[0m
Processing by VisitorsController#index as HTML
  Rendered visitors/index.html.erb (2.7ms)
Completed 200 OK in 107ms (Views: 65.3ms | ActiveRecord: 0.0ms)


Started GET "/posicionamentos" for 127.0.0.1 at 2016-05-14 18:27:00 -0300
Processing by PosicionamentosController#index as HTML
  [1m[35mPosicionamento Load (0.3ms)[0m  SELECT "posicionamentos".* FROM "posicionamentos"
  Rendered posicionamentos/index.html.haml (5.4ms)
Completed 200 OK in 67ms (Views: 13.2ms | ActiveRecord: 0.5ms)


Started GET "/artigos" for 127.0.0.1 at 2016-05-14 18:27:07 -0300

ActionController::RoutingError (No route matches [GET] "/artigos"):
  actionpack (4.2.6) lib/action_dispatch/middleware/debug_exceptions.rb:21:in `call'
  web-console (2.3.0) lib/web_console/middleware.rb:28:in `block in call'
  web-console (2.3.0) lib/web_console/middleware.rb:18:in `catch'
  web-console (2.3.0) lib/web_console/middleware.rb:18:in `call'
  actionpack (4.2.6) lib/action_dispatch/middleware/show_exceptions.rb:30:in `call'
  railties (4.2.6) lib/rails/rack/logger.rb:38:in `call_app'
  railties (4.2.6) lib/rails/rack/logger.rb:20:in `block in call'
  activesupport (4.2.6) lib/active_support/tagged_logging.rb:68:in `block in tagged'
  activesupport (4.2.6) lib/active_support/tagged_logging.rb:26:in `tagged'
  activesupport (4.2.6) lib/active_support/tagged_logging.rb:68:in `tagged'
  railties (4.2.6) lib/rails/rack/logger.rb:20:in `call'
  quiet_assets (1.1.0) lib/quiet_assets.rb:27:in `call_with_quiet_assets'
  actionpack (4.2.6) lib/action_dispatch/middleware/request_id.rb:21:in `call'
  rack (1.6.4) lib/rack/methodoverride.rb:22:in `call'
  rack (1.6.4) lib/rack/runtime.rb:18:in `call'
  activesupport (4.2.6) lib/active_support/cache/strategy/local_cache_middleware.rb:28:in `call'
  rack (1.6.4) lib/rack/lock.rb:17:in `call'
  actionpack (4.2.6) lib/action_dispatch/middleware/static.rb:120:in `call'
  rack (1.6.4) lib/rack/sendfile.rb:113:in `call'
  railties (4.2.6) lib/rails/engine.rb:518:in `call'
  railties (4.2.6) lib/rails/application.rb:165:in `call'
  rack (1.6.4) lib/rack/content_length.rb:15:in `call'
  thin (1.6.4) lib/thin/connection.rb:86:in `block in pre_process'
  thin (1.6.4) lib/thin/connection.rb:84:in `catch'
  thin (1.6.4) lib/thin/connection.rb:84:in `pre_process'
  thin (1.6.4) lib/thin/connection.rb:53:in `process'
  thin (1.6.4) lib/thin/connection.rb:39:in `receive_data'
  eventmachine (1.2.0.1) lib/eventmachine.rb:194:in `run_machine'
  eventmachine (1.2.0.1) lib/eventmachine.rb:194:in `run'
  thin (1.6.4) lib/thin/backends/base.rb:73:in `start'
  thin (1.6.4) lib/thin/server.rb:162:in `start'
  rack (1.6.4) lib/rack/handler/thin.rb:19:in `run'
  rack (1.6.4) lib/rack/server.rb:286:in `start'
  railties (4.2.6) lib/rails/commands/server.rb:80:in `start'
  railties (4.2.6) lib/rails/commands/commands_tasks.rb:80:in `block in server'
  railties (4.2.6) lib/rails/commands/commands_tasks.rb:75:in `tap'
  railties (4.2.6) lib/rails/commands/commands_tasks.rb:75:in `server'
  railties (4.2.6) lib/rails/commands/commands_tasks.rb:39:in `run_command!'
  railties (4.2.6) lib/rails/commands.rb:17:in `<top (required)>'
  bin/rails:9:in `require'
  bin/rails:9:in `<top (required)>'
  spring (1.7.1) lib/spring/client/rails.rb:28:in `load'
  spring (1.7.1) lib/spring/client/rails.rb:28:in `call'
  spring (1.7.1) lib/spring/client/command.rb:7:in `call'
  spring (1.7.1) lib/spring/client.rb:30:in `run'
  spring (1.7.1) bin/spring:49:in `<top (required)>'
  spring (1.7.1) lib/spring/binstub.rb:11:in `load'
  spring (1.7.1) lib/spring/binstub.rb:11:in `<top (required)>'
  /home/ricardo/.rbenv/versions/2.2.3/lib/ruby/2.2.0/rubygems/core_ext/kernel_require.rb:54:in `require'
  /home/ricardo/.rbenv/versions/2.2.3/lib/ruby/2.2.0/rubygems/core_ext/kernel_require.rb:54:in `require'
  bin/spring:13:in `<top (required)>'
  bin/rails:3:in `load'
  bin/rails:3:in `<main>'


  Rendered /home/ricardo/.gem/repos/LastStepGPS/gems/actionpack-4.2.6/lib/action_dispatch/middleware/templates/rescues/_trace.html.erb (3.8ms)
  Rendered /home/ricardo/.gem/repos/LastStepGPS/gems/actionpack-4.2.6/lib/action_dispatch/middleware/templates/routes/_route.html.erb (2.3ms)
  Rendered /home/ricardo/.gem/repos/LastStepGPS/gems/actionpack-4.2.6/lib/action_dispatch/middleware/templates/routes/_table.html.erb (19.6ms)
  Rendered /home/ricardo/.gem/repos/LastStepGPS/gems/actionpack-4.2.6/lib/action_dispatch/middleware/templates/rescues/_request_and_response.html.erb (2.3ms)
  Rendered /home/ricardo/.gem/repos/LastStepGPS/gems/actionpack-4.2.6/lib/action_dispatch/middleware/templates/rescues/routing_error.html.erb within rescues/layout (94.1ms)
  Rendered /home/ricardo/.gem/repos/LastStepGPS/gems/web-console-2.3.0/lib/web_console/templates/_markup.html.erb (0.4ms)
  Rendered /home/ricardo/.gem/repos/LastStepGPS/gems/web-console-2.3.0/lib/web_console/templates/_inner_console_markup.html.erb within layouts/inlined_string (0.3ms)
  Rendered /home/ricardo/.gem/repos/LastStepGPS/gems/web-console-2.3.0/lib/web_console/templates/_prompt_box_markup.html.erb within layouts/inlined_string (0.4ms)
  Rendered /home/ricardo/.gem/repos/LastStepGPS/gems/web-console-2.3.0/lib/web_console/templates/style.css.erb within layouts/inlined_string (0.4ms)
  Rendered /home/ricardo/.gem/repos/LastStepGPS/gems/web-console-2.3.0/lib/web_console/templates/console.js.erb within layouts/javascript (673.7ms)
  Rendered /home/ricardo/.gem/repos/LastStepGPS/gems/web-console-2.3.0/lib/web_console/templates/main.js.erb within layouts/javascript (0.5ms)
  Rendered /home/ricardo/.gem/repos/LastStepGPS/gems/web-console-2.3.0/lib/web_console/templates/error_page.js.erb within layouts/javascript (0.5ms)
  Rendered /home/ricardo/.gem/repos/LastStepGPS/gems/web-console-2.3.0/lib/web_console/templates/index.html.erb (724.8ms)


Started GET "/usuarios" for 127.0.0.1 at 2016-05-14 18:27:25 -0300
Processing by UsuariosController#index as HTML
  [1m[36mUsuario Load (1.3ms)[0m  [1mSELECT "usuarios".* FROM "usuarios"[0m
  Rendered usuarios/index.html.haml (11.5ms)
Completed 200 OK in 39ms (Views: 33.9ms | ActiveRecord: 1.4ms)


Started GET "/favoritos" for 127.0.0.1 at 2016-05-14 18:27:35 -0300
Processing by FavoritosController#index as HTML
  [1m[35mFavorito Load (0.2ms)[0m  SELECT "favoritos".* FROM "favoritos"
  Rendered favoritos/index.html.haml (18.8ms)
Completed 200 OK in 52ms (Views: 39.4ms | ActiveRecord: 0.4ms)


Started GET "/" for 127.0.0.1 at 2016-05-14 18:27:44 -0300
Processing by VisitorsController#index as HTML
  Rendered visitors/index.html.erb (0.1ms)
Completed 200 OK in 17ms (Views: 14.2ms | ActiveRecord: 0.0ms)


Started GET "/" for 127.0.0.1 at 2016-05-14 18:32:00 -0300
  [1m[36mActiveRecord::SchemaMigration Load (0.1ms)[0m  [1mSELECT "schema_migrations".* FROM "schema_migrations"[0m
Processing by VisitorsController#index as HTML
  Rendered visitors/index.html.erb within layouts/application (1.6ms)
  Rendered layouts/_header.html.erb (1.0ms)
  Rendered layouts/_footer.html.erb (0.3ms)
Completed 200 OK in 1053ms (Views: 1038.6ms | ActiveRecord: 0.0ms)


Started GET "/" for 127.0.0.1 at 2016-05-14 18:32:01 -0300
Processing by VisitorsController#index as HTML
  Rendered visitors/index.html.erb within layouts/application (0.1ms)
  Rendered layouts/_header.html.erb (0.4ms)
  Rendered layouts/_footer.html.erb (0.0ms)
Completed 200 OK in 39ms (Views: 34.3ms | ActiveRecord: 0.0ms)


Started GET "/" for 127.0.0.1 at 2016-05-14 18:32:02 -0300
Processing by VisitorsController#index as HTML
  Rendered visitors/index.html.erb within layouts/application (0.1ms)
  Rendered layouts/_header.html.erb (0.4ms)
  Rendered layouts/_footer.html.erb (0.0ms)
Completed 200 OK in 57ms (Views: 53.6ms | ActiveRecord: 0.0ms)


Started GET "/" for 127.0.0.1 at 2016-05-14 18:32:05 -0300
Processing by VisitorsController#index as HTML
  Rendered visitors/index.html.erb within layouts/application (0.7ms)
  Rendered layouts/_header.html.erb (1.0ms)
  Rendered layouts/_footer.html.erb (0.3ms)
Completed 200 OK in 33ms (Views: 30.5ms | ActiveRecord: 0.0ms)


Started GET "/usuarios" for 127.0.0.1 at 2016-05-14 18:32:07 -0300
Processing by UsuariosController#index as HTML
  [1m[35mUsuario Load (0.2ms)[0m  SELECT "usuarios".* FROM "usuarios"
  Rendered usuarios/index.html.haml within layouts/application (6.4ms)
  Rendered layouts/_header.html.erb (0.4ms)
  Rendered layouts/_footer.html.erb (0.0ms)
Completed 200 OK in 41ms (Views: 37.4ms | ActiveRecord: 0.4ms)


Started GET "/favoritos" for 127.0.0.1 at 2016-05-14 18:32:09 -0300
Processing by FavoritosController#index as HTML
  [1m[36mFavorito Load (0.2ms)[0m  [1mSELECT "favoritos".* FROM "favoritos"[0m
  Rendered favoritos/index.html.haml within layouts/application (9.9ms)
  Rendered layouts/_header.html.erb (0.6ms)
  Rendered layouts/_footer.html.erb (0.0ms)
Completed 200 OK in 45ms (Views: 37.3ms | ActiveRecord: 0.3ms)


Started GET "/usuarios" for 127.0.0.1 at 2016-05-14 18:32:11 -0300
Processing by UsuariosController#index as HTML
  [1m[35mUsuario Load (0.2ms)[0m  SELECT "usuarios".* FROM "usuarios"
  Rendered usuarios/index.html.haml within layouts/application (1.7ms)
  Rendered layouts/_header.html.erb (0.6ms)
  Rendered layouts/_footer.html.erb (0.0ms)
Completed 200 OK in 34ms (Views: 32.5ms | ActiveRecord: 0.2ms)


Started GET "/posicionamentos" for 127.0.0.1 at 2016-05-14 18:32:15 -0300
Processing by PosicionamentosController#index as HTML
  [1m[36mPosicionamento Load (0.2ms)[0m  [1mSELECT "posicionamentos".* FROM "posicionamentos"[0m
  Rendered posicionamentos/index.html.haml within layouts/application (5.5ms)
  Rendered layouts/_header.html.erb (0.5ms)
  Rendered layouts/_footer.html.erb (0.0ms)
Completed 200 OK in 41ms (Views: 37.1ms | ActiveRecord: 0.3ms)


Started GET "/posicionamentos" for 127.0.0.1 at 2016-05-14 18:32:20 -0300
Processing by PosicionamentosController#index as HTML
  [1m[35mPosicionamento Load (0.2ms)[0m  SELECT "posicionamentos".* FROM "posicionamentos"
  Rendered posicionamentos/index.html.haml within layouts/application (1.0ms)
  Rendered layouts/_header.html.erb (0.5ms)
  Rendered layouts/_footer.html.erb (0.1ms)
Completed 200 OK in 32ms (Views: 30.6ms | ActiveRecord: 0.2ms)


Started GET "/usuarios" for 127.0.0.1 at 2016-05-14 18:32:22 -0300
Processing by UsuariosController#index as HTML
  [1m[36mUsuario Load (0.2ms)[0m  [1mSELECT "usuarios".* FROM "usuarios"[0m
  Rendered usuarios/index.html.haml within layouts/application (1.1ms)
  Rendered layouts/_header.html.erb (4.4ms)
  Rendered layouts/_footer.html.erb (0.1ms)
Completed 200 OK in 34ms (Views: 31.6ms | ActiveRecord: 0.2ms)


Started GET "/usuarios/new" for 127.0.0.1 at 2016-05-14 18:32:24 -0300
Processing by UsuariosController#new as HTML
  Rendered usuarios/_form.html.haml (681.9ms)
  Rendered usuarios/new.html.haml within layouts/application (684.2ms)
  Rendered layouts/_header.html.erb (0.4ms)
  Rendered layouts/_footer.html.erb (0.0ms)
Completed 200 OK in 726ms (Views: 706.3ms | ActiveRecord: 0.3ms)


Started GET "/posicionamentos" for 127.0.0.1 at 2016-05-14 18:34:01 -0300
  [1m[36mActiveRecord::SchemaMigration Load (0.2ms)[0m  [1mSELECT "schema_migrations".* FROM "schema_migrations"[0m
Processing by PosicionamentosController#index as HTML
  [1m[35mPosicionamento Load (0.2ms)[0m  SELECT "posicionamentos".* FROM "posicionamentos"
  Rendered posicionamentos/index.html.haml within layouts/application (6.1ms)
  Rendered layouts/_header.html.erb (1.0ms)
  Rendered layouts/_footer.html.erb (0.3ms)
Completed 200 OK in 398ms (Views: 378.8ms | ActiveRecord: 0.3ms)


Started GET "/posicionamentos" for 127.0.0.1 at 2016-05-14 18:36:40 -0300
Processing by PosicionamentosController#index as HTML
  [1m[36mPosicionamento Load (0.2ms)[0m  [1mSELECT "posicionamentos".* FROM "posicionamentos"[0m
  Rendered posicionamentos/index.html.haml within layouts/application (1.5ms)
  Rendered layouts/_header.html.erb (0.4ms)
  Rendered layouts/_footer.html.erb (0.0ms)
Completed 200 OK in 66ms (Views: 58.5ms | ActiveRecord: 0.2ms)
